[26-09-2024 20:33:29] (INFO) Logfile created
[26-09-2024 20:33:29] (INFO) Demonization was successful
[26-09-2024 20:33:29] (INFO) The server has successfully entered listener mode
[26-09-2024 20:33:33] (INFO) Client connect
[26-09-2024 20:33:33] (INFO) Connection interrupted
[26-09-2024 20:33:33] (INFO) Client connect
[26-09-2024 20:33:33] (INFO) Connection interrupted
[26-09-2024 20:33:33] (INFO) Client send: : HTTP/1.1 200 OK
Content-Type: text/html; charset=UTF-8
Content-Length: 1114
Connection: keep-alive

<!DOCTYPE html>
<html lang="ru">
<head>
    <meta charset="UTF-8">
    <meta name="viewport" content="width=device-width, initial-scale=1.0">
    <title>Авторизация</title>
    <style>
        body {
            font-family: Arial, sans-serif;
            background-color: #f4f4f4;
            color: #333;
            text-align: center;
            padding: 100px;
        }
        input[type="text"], input[type="password"] {
            padding: 10px;
            margin: 10px;
            width: 200px;
        }
        button {
            padding: 10px 20px;
            margin: 10px;
            cursor: pointer;
        }
    </style>
</head>
<body>
    <h1>Вход в систему</h1>
    <form action="/home/" method="POST">
        <input name="login" type="text" placeholder="Логин" required><br>
        <input name="password" type="password" placeholder="Пароль" required><br>
        <button type="submit">Войти</button>
    </form>
    <button type="button" onclick="window.location.href='register/'">Зарегистрироваться</button>

</body>
</html>
[26-09-2024 20:33:33] (INFO) Client recv: : GET / HTTP/1.1
Host: 127.0.0.1:8087
Connection: keep-alive
sec-ch-ua: "Google Chrome";v="129", "Not=A?Brand";v="8", "Chromium";v="129"
sec-ch-ua-mobile: ?0
sec-ch-ua-platform: "Windows"
Upgrade-Insecure-Requests: 1
User-Agent: Mozilla/5.0 (Windows NT 10.0; Win64; x64) AppleWebKit/537.36 (KHTML, like Gecko) Chrome/129.0.0.0 Safari/537.36
Accept: text/html,application/xhtml+xml,application/xml;q=0.9,image/avif,image/webp,image/apng,*/*;q=0.8,application/signed-exchange;v=b3;q=0.7
Sec-Fetch-Site: none
Sec-Fetch-Mode: navigate
Sec-Fetch-User: ?1
Sec-Fetch-Dest: document
Accept-Encoding: gzip, deflate, br, zstd
Accept-Language: ru-RU,ru;q=0.9,en-US;q=0.8,en;q=0.7


[26-09-2024 20:33:33] (INFO) The demon is banished
[26-09-2024 20:33:40] (INFO) Client send: : HTTP/1.1 200 OK
Content-Type: text/html; charset=UTF-8
Content-Length: 1136
Connection: keep-alive

<!DOCTYPE html>
<html lang="ru">
<head>
    <meta charset="UTF-8">
    <meta name="viewport" content="width=device-width, initial-scale=1.0">
    <title>Регистрация</title>
    <style>
        body {
            font-family: Arial, sans-serif;
            background-color: #f4f4f4;
            color: #333;
            text-align: center;
            padding: 100px;
        }
        input[type="text"], input[type="password"] {
            padding: 10px;
            margin: 10px;
            width: 200px;
        }
        button {
            padding: 10px 20px;
            margin: 10px;
            cursor: pointer;
        }
    </style>
</head>
<body>

    <h1>Регистрация</h1>
    <form action="/" method="POST">
        <input type="text" name="login" placeholder="Введите логин" required><br>
        <input type="text" name="name" placeholder="Введите имя" required><br>
        <input type="password" name="password" placeholder="Введите пароль" required><br>
        <button type="submit">Зарегистрироваться</button>
    </form>

</body>
</html>
[26-09-2024 20:33:40] (INFO) Client recv: : GET /register/ HTTP/1.1
Host: 127.0.0.1:8087
Connection: keep-alive
sec-ch-ua: "Google Chrome";v="129", "Not=A?Brand";v="8", "Chromium";v="129"
sec-ch-ua-mobile: ?0
sec-ch-ua-platform: "Windows"
Upgrade-Insecure-Requests: 1
User-Agent: Mozilla/5.0 (Windows NT 10.0; Win64; x64) AppleWebKit/537.36 (KHTML, like Gecko) Chrome/129.0.0.0 Safari/537.36
Accept: text/html,application/xhtml+xml,application/xml;q=0.9,image/avif,image/webp,image/apng,*/*;q=0.8,application/signed-exchange;v=b3;q=0.7
Sec-Fetch-Site: same-origin
Sec-Fetch-Mode: navigate
Sec-Fetch-User: ?1
Sec-Fetch-Dest: document
Referer: http://127.0.0.1:8087/
Accept-Encoding: gzip, deflate, br, zstd
Accept-Language: ru-RU,ru;q=0.9,en-US;q=0.8,en;q=0.7


[26-09-2024 20:33:40] (INFO) The demon is banished
[26-09-2024 20:33:40] (INFO) Client connect
[26-09-2024 20:33:40] (INFO) Connection interrupted
[26-09-2024 20:34:02] (INFO) Client connect
[26-09-2024 20:34:02] (INFO) Connection interrupted
[26-09-2024 20:34:02] (INFO) Client send: : HTTP/1.1 200 OK
Content-Type: text/html; charset=UTF-8
Content-Length: 1114
Connection: keep-alive

<!DOCTYPE html>
<html lang="ru">
<head>
    <meta charset="UTF-8">
    <meta name="viewport" content="width=device-width, initial-scale=1.0">
    <title>Авторизация</title>
    <style>
        body {
            font-family: Arial, sans-serif;
            background-color: #f4f4f4;
            color: #333;
            text-align: center;
            padding: 100px;
        }
        input[type="text"], input[type="password"] {
            padding: 10px;
            margin: 10px;
            width: 200px;
        }
        button {
            padding: 10px 20px;
            margin: 10px;
            cursor: pointer;
        }
    </style>
</head>
<body>
    <h1>Вход в систему</h1>
    <form action="/home/" method="POST">
        <input name="login" type="text" placeholder="Логин" required><br>
        <input name="password" type="password" placeholder="Пароль" required><br>
        <button type="submit">Войти</button>
    </form>
    <button type="button" onclick="window.location.href='register/'">Зарегистрироваться</button>

</body>
</html>
[26-09-2024 20:34:02] (INFO) Client recv: : POST / HTTP/1.1
Host: 127.0.0.1:8087
Connection: keep-alive
Content-Length: 101
Cache-Control: max-age=0
sec-ch-ua: "Google Chrome";v="129", "Not=A?Brand";v="8", "Chromium";v="129"
sec-ch-ua-mobile: ?0
sec-ch-ua-platform: "Windows"
Origin: http://127.0.0.1:8087
Content-Type: application/x-www-form-urlencoded
Upgrade-Insecure-Requests: 1
User-Agent: Mozilla/5.0 (Windows NT 10.0; Win64; x64) AppleWebKit/537.36 (KHTML, like Gecko) Chrome/129.0.0.0 Safari/537.36
Accept: text/html,application/xhtml+xml,application/xml;q=0.9,image/avif,image/webp,image/apng,*/*;q=0.8,application/signed-exchange;v=b3;q=0.7
Sec-Fetch-Site: same-origin
Sec-Fetch-Mode: navigate
Sec-Fetch-User: ?1
Sec-Fetch-Dest: document
Referer: http://127.0.0.1:8087/register/
Accept-Encoding: gzip, deflate, br, zstd
Accept-Language: ru-RU,ru;q=0.9,en-US;q=0.8,en;q=0.7

login=livitalek&name=%D0%A0%D0%BE%D0%BC%D0%B0%D0%BD-%D1%8D%D0%BF%D0%BE%D0%BF%D0%B5%D1%8F&password=123
[26-09-2024 20:34:02] (INFO) The demon is banished
[26-09-2024 20:34:02] (INFO) Client connect
[26-09-2024 20:34:02] (INFO) Connection interrupted
[26-09-2024 20:34:10] (INFO) Client connect
[26-09-2024 20:34:10] (INFO) Connection interrupted
[26-09-2024 20:34:10] (INFO) Client connect
[26-09-2024 20:34:10] (INFO) Connection interrupted
[26-09-2024 20:34:10] (INFO) Client send: : HTTP/1.1 200 OK
Content-Type: text/html; charset=UTF-8
Content-Length: 737
Connection: keep-alive

<!DOCTYPE html>
<html lang="ru">
<head>
    <meta charset="UTF-8">
    <meta name="viewport" content="width=device-width, initial-scale=1.0">
    <title>Домашняя страница</title>
    <style>
        body {
            font-family: Arial, sans-serif;
            background-color: #f4f4f4;
            color: #333;
            text-align: center;
            padding: 100px;
        }
        button {
            padding: 10px 20px;
            margin: 10px;
            cursor: pointer;
        }
    </style>
</head>
<body>
    <h1>Домашняя страница</h1>
    <p>Привет!</p>
    <p>User: livitalek</p>
    <button type="button" onclick="window.location.href='/'">Выйти</button>
</body>
</html>
[26-09-2024 20:34:10] (INFO) Client recv: : POST /home/ HTTP/1.1
Host: 127.0.0.1:8087
Connection: keep-alive
Content-Length: 28
Cache-Control: max-age=0
sec-ch-ua: "Google Chrome";v="129", "Not=A?Brand";v="8", "Chromium";v="129"
sec-ch-ua-mobile: ?0
sec-ch-ua-platform: "Windows"
Origin: http://127.0.0.1:8087
Content-Type: application/x-www-form-urlencoded
Upgrade-Insecure-Requests: 1
User-Agent: Mozilla/5.0 (Windows NT 10.0; Win64; x64) AppleWebKit/537.36 (KHTML, like Gecko) Chrome/129.0.0.0 Safari/537.36
Accept: text/html,application/xhtml+xml,application/xml;q=0.9,image/avif,image/webp,image/apng,*/*;q=0.8,application/signed-exchange;v=b3;q=0.7
Sec-Fetch-Site: same-origin
Sec-Fetch-Mode: navigate
Sec-Fetch-User: ?1
Sec-Fetch-Dest: document
Referer: http://127.0.0.1:8087/
Accept-Encoding: gzip, deflate, br, zstd
Accept-Language: ru-RU,ru;q=0.9,en-US;q=0.8,en;q=0.7

login=livitalek&password=123
[26-09-2024 20:34:10] (INFO) The demon is banished
[29-09-2024 15:34:32] (INFO) Logfile created
[29-09-2024 15:34:32] (INFO) Demonization was successful
[29-09-2024 15:34:32] (INFO) The server has successfully entered listener mode
[29-09-2024 15:34:42] (INFO) Client connect
[29-09-2024 15:34:42] (INFO) Connection interrupted
[29-09-2024 15:34:42] (INFO) Client send: : HTTP/1.1 200 OK
Content-Type: text/html; charset=UTF-8
Content-Length: 1114
Connection: keep-alive

<!DOCTYPE html>
<html lang="ru">
<head>
    <meta charset="UTF-8">
    <meta name="viewport" content="width=device-width, initial-scale=1.0">
    <title>Авторизация</title>
    <style>
        body {
            font-family: Arial, sans-serif;
            background-color: #f4f4f4;
            color: #333;
            text-align: center;
            padding: 100px;
        }
        input[type="text"], input[type="password"] {
            padding: 10px;
            margin: 10px;
            width: 200px;
        }
        button {
            padding: 10px 20px;
            margin: 10px;
            cursor: pointer;
        }
    </style>
</head>
<body>
    <h1>Вход в систему</h1>
    <form action="/home/" method="POST">
        <input name="login" type="text" placeholder="Логин" required><br>
        <input name="password" type="password" placeholder="Пароль" required><br>
        <button type="submit">Войти</button>
    </form>
    <button type="button" onclick="window.location.href='register/'">Зарегистрироваться</button>

</body>
</html>
[29-09-2024 15:34:42] (INFO) Client recv: : GET / HTTP/1.1
Host: 127.0.0.1:8087
Connection: keep-alive
sec-ch-ua: "Google Chrome";v="129", "Not=A?Brand";v="8", "Chromium";v="129"
sec-ch-ua-mobile: ?0
sec-ch-ua-platform: "Windows"
Upgrade-Insecure-Requests: 1
User-Agent: Mozilla/5.0 (Windows NT 10.0; Win64; x64) AppleWebKit/537.36 (KHTML, like Gecko) Chrome/129.0.0.0 Safari/537.36
Sec-Purpose: prefetch;prerender
Purpose: prefetch
Accept: text/html,application/xhtml+xml,application/xml;q=0.9,image/avif,image/webp,image/apng,*/*;q=0.8,application/signed-exchange;v=b3;q=0.7
Sec-Fetch-Site: none
Sec-Fetch-Mode: navigate
Sec-Fetch-User: ?1
Sec-Fetch-Dest: document
Accept-Encoding: gzip, deflate, br, zstd
Accept-Language: ru-RU,ru;q=0.9,en-US;q=0.8,en;q=0.7


[29-09-2024 15:34:42] (INFO) The demon is banished
[29-09-2024 15:34:43] (INFO) Client connect
[29-09-2024 15:34:43] (INFO) Connection interrupted
[29-09-2024 15:34:43] (INFO) Client send: : HTTP/1.1 404 Not Found
Content-Type: text/html; charset=UTF-8
Content-Length: 253
Connection: keep-alive

<!DOCTYPE html>
<html lang="ru">
<head>
    <meta charset="UTF-8">
    <meta name="viewport" content="width=device-width, initial-scale=1.0">
    <title> Error 404 </title>
</head>
<body>
    <h3> Error 404 </h3>
    <p> Not Found
 </p>
</body>
</html>

[29-09-2024 15:34:43] (INFO) Client recv: : GET /favicon.ico HTTP/1.1
Host: 127.0.0.1:8087
Connection: keep-alive
sec-ch-ua-platform: "Windows"
User-Agent: Mozilla/5.0 (Windows NT 10.0; Win64; x64) AppleWebKit/537.36 (KHTML, like Gecko) Chrome/129.0.0.0 Safari/537.36
sec-ch-ua: "Google Chrome";v="129", "Not=A?Brand";v="8", "Chromium";v="129"
sec-ch-ua-mobile: ?0
Accept: image/avif,image/webp,image/apng,image/svg+xml,image/*,*/*;q=0.8
Sec-Fetch-Site: same-origin
Sec-Fetch-Mode: no-cors
Sec-Fetch-Dest: image
Referer: http://127.0.0.1:8087/
Accept-Encoding: gzip, deflate, br, zstd
Accept-Language: ru-RU,ru;q=0.9,en-US;q=0.8,en;q=0.7


[29-09-2024 15:34:43] (INFO) The demon is banished
[29-09-2024 15:35:20] (INFO) Client connect
[29-09-2024 15:35:20] (INFO) Connection interrupted
[29-09-2024 15:35:20] (INFO) Client connect
[29-09-2024 15:35:20] (INFO) Client send: : HTTP/1.1 200 OK
Content-Type: text/html; charset=UTF-8
Content-Length: 1136
Connection: keep-alive

<!DOCTYPE html>
<html lang="ru">
<head>
    <meta charset="UTF-8">
    <meta name="viewport" content="width=device-width, initial-scale=1.0">
    <title>Регистрация</title>
    <style>
        body {
            font-family: Arial, sans-serif;
            background-color: #f4f4f4;
            color: #333;
            text-align: center;
            padding: 100px;
        }
        input[type="text"], input[type="password"] {
            padding: 10px;
            margin: 10px;
            width: 200px;
        }
        button {
            padding: 10px 20px;
            margin: 10px;
            cursor: pointer;
        }
    </style>
</head>
<body>

    <h1>Регистрация</h1>
    <form action="/" method="POST">
        <input type="text" name="login" placeholder="Введите логин" required><br>
        <input type="text" name="name" placeholder="Введите имя" required><br>
        <input type="password" name="password" placeholder="Введите пароль" required><br>
        <button type="submit">Зарегистрироваться</button>
    </form>

</body>
</html>
[29-09-2024 15:35:20] (INFO) Client recv: : GET /register/ HTTP/1.1
Host: 127.0.0.1:8087
Connection: keep-alive
sec-ch-ua: "Google Chrome";v="129", "Not=A?Brand";v="8", "Chromium";v="129"
sec-ch-ua-mobile: ?0
sec-ch-ua-platform: "Windows"
Upgrade-Insecure-Requests: 1
User-Agent: Mozilla/5.0 (Windows NT 10.0; Win64; x64) AppleWebKit/537.36 (KHTML, like Gecko) Chrome/129.0.0.0 Safari/537.36
Accept: text/html,application/xhtml+xml,application/xml;q=0.9,image/avif,image/webp,image/apng,*/*;q=0.8,application/signed-exchange;v=b3;q=0.7
Sec-Fetch-Site: same-origin
Sec-Fetch-Mode: navigate
Sec-Fetch-User: ?1
Sec-Fetch-Dest: document
Referer: http://127.0.0.1:8087/
Accept-Encoding: gzip, deflate, br, zstd
Accept-Language: ru-RU,ru;q=0.9,en-US;q=0.8,en;q=0.7


[29-09-2024 15:35:20] (INFO) The demon is banished
[29-09-2024 15:35:20] (INFO) Connection interrupted
[29-09-2024 15:35:56] (INFO) Client connect
[29-09-2024 15:35:56] (INFO) Connection interrupted
[29-09-2024 15:35:56] (INFO) Client connect
[29-09-2024 15:35:56] (INFO) Connection interrupted
[29-09-2024 15:35:56] (INFO) Client send: : HTTP/1.1 200 OK
Content-Type: text/html; charset=UTF-8
Content-Length: 1114
Connection: keep-alive

<!DOCTYPE html>
<html lang="ru">
<head>
    <meta charset="UTF-8">
    <meta name="viewport" content="width=device-width, initial-scale=1.0">
    <title>Авторизация</title>
    <style>
        body {
            font-family: Arial, sans-serif;
            background-color: #f4f4f4;
            color: #333;
            text-align: center;
            padding: 100px;
        }
        input[type="text"], input[type="password"] {
            padding: 10px;
            margin: 10px;
            width: 200px;
        }
        button {
            padding: 10px 20px;
            margin: 10px;
            cursor: pointer;
        }
    </style>
</head>
<body>
    <h1>Вход в систему</h1>
    <form action="/home/" method="POST">
        <input name="login" type="text" placeholder="Логин" required><br>
        <input name="password" type="password" placeholder="Пароль" required><br>
        <button type="submit">Войти</button>
    </form>
    <button type="button" onclick="window.location.href='register/'">Зарегистрироваться</button>

</body>
</html>
[29-09-2024 15:35:56] (INFO) Client recv: : POST / HTTP/1.1
Host: 127.0.0.1:8087
Connection: keep-alive
Content-Length: 97
Cache-Control: max-age=0
sec-ch-ua: "Google Chrome";v="129", "Not=A?Brand";v="8", "Chromium";v="129"
sec-ch-ua-mobile: ?0
sec-ch-ua-platform: "Windows"
Origin: http://127.0.0.1:8087
Content-Type: application/x-www-form-urlencoded
Upgrade-Insecure-Requests: 1
User-Agent: Mozilla/5.0 (Windows NT 10.0; Win64; x64) AppleWebKit/537.36 (KHTML, like Gecko) Chrome/129.0.0.0 Safari/537.36
Accept: text/html,application/xhtml+xml,application/xml;q=0.9,image/avif,image/webp,image/apng,*/*;q=0.8,application/signed-exchange;v=b3;q=0.7
Sec-Fetch-Site: same-origin
Sec-Fetch-Mode: navigate
Sec-Fetch-User: ?1
Sec-Fetch-Dest: document
Referer: http://127.0.0.1:8087/register/
Accept-Encoding: gzip, deflate, br, zstd
Accept-Language: ru-RU,ru;q=0.9,en-US;q=0.8,en;q=0.7

login=hello&name=%D0%A0%D0%BE%D0%BC%D0%B0%D0%BD-%D1%8D%D0%BF%D0%BE%D0%BF%D0%B5%D1%8F&password=123
[29-09-2024 15:35:56] (INFO) The demon is banished
[29-09-2024 15:36:01] (INFO) Client connect
[29-09-2024 15:36:01] (INFO) Client send: : HTTP/1.1 200 OK
Content-Type: text/html; charset=UTF-8
Content-Length: 733
Connection: keep-alive

<!DOCTYPE html>
<html lang="ru">
<head>
    <meta charset="UTF-8">
    <meta name="viewport" content="width=device-width, initial-scale=1.0">
    <title>Домашняя страница</title>
    <style>
        body {
            font-family: Arial, sans-serif;
            background-color: #f4f4f4;
            color: #333;
            text-align: center;
            padding: 100px;
        }
        button {
            padding: 10px 20px;
            margin: 10px;
            cursor: pointer;
        }
    </style>
</head>
<body>
    <h1>Домашняя страница</h1>
    <p>Привет!</p>
    <p>User: hello</p>
    <button type="button" onclick="window.location.href='/'">Выйти</button>
</body>
</html>
[29-09-2024 15:36:01] (INFO) Client recv: : POST /home/ HTTP/1.1
Host: 127.0.0.1:8087
Connection: keep-alive
Content-Length: 24
Cache-Control: max-age=0
sec-ch-ua: "Google Chrome";v="129", "Not=A?Brand";v="8", "Chromium";v="129"
sec-ch-ua-mobile: ?0
sec-ch-ua-platform: "Windows"
Origin: http://127.0.0.1:8087
Content-Type: application/x-www-form-urlencoded
Upgrade-Insecure-Requests: 1
User-Agent: Mozilla/5.0 (Windows NT 10.0; Win64; x64) AppleWebKit/537.36 (KHTML, like Gecko) Chrome/129.0.0.0 Safari/537.36
Accept: text/html,application/xhtml+xml,application/xml;q=0.9,image/avif,image/webp,image/apng,*/*;q=0.8,application/signed-exchange;v=b3;q=0.7
Sec-Fetch-Site: same-origin
Sec-Fetch-Mode: navigate
Sec-Fetch-User: ?1
Sec-Fetch-Dest: document
Referer: http://127.0.0.1:8087/
Accept-Encoding: gzip, deflate, br, zstd
Accept-Language: ru-RU,ru;q=0.9,en-US;q=0.8,en;q=0.7

login=hello&password=123
[29-09-2024 15:36:01] (INFO) The demon is banished
[29-09-2024 15:36:01] (INFO) Connection interrupted
[29-09-2024 15:36:14] (INFO) Client connect
[29-09-2024 15:36:14] (INFO) Connection interrupted
[29-09-2024 15:36:14] (INFO) Client send: : HTTP/1.1 200 OK
Content-Type: text/html; charset=UTF-8
Content-Length: 1114
Connection: keep-alive

<!DOCTYPE html>
<html lang="ru">
<head>
    <meta charset="UTF-8">
    <meta name="viewport" content="width=device-width, initial-scale=1.0">
    <title>Авторизация</title>
    <style>
        body {
            font-family: Arial, sans-serif;
            background-color: #f4f4f4;
            color: #333;
            text-align: center;
            padding: 100px;
        }
        input[type="text"], input[type="password"] {
            padding: 10px;
            margin: 10px;
            width: 200px;
        }
        button {
            padding: 10px 20px;
            margin: 10px;
            cursor: pointer;
        }
    </style>
</head>
<body>
    <h1>Вход в систему</h1>
    <form action="/home/" method="POST">
        <input name="login" type="text" placeholder="Логин" required><br>
        <input name="password" type="password" placeholder="Пароль" required><br>
        <button type="submit">Войти</button>
    </form>
    <button type="button" onclick="window.location.href='register/'">Зарегистрироваться</button>

</body>
</html>
[29-09-2024 15:36:14] (INFO) Client recv: : GET / HTTP/1.1
Host: 127.0.0.1:8087
Connection: keep-alive
sec-ch-ua: "Google Chrome";v="129", "Not=A?Brand";v="8", "Chromium";v="129"
sec-ch-ua-mobile: ?0
sec-ch-ua-platform: "Windows"
Upgrade-Insecure-Requests: 1
User-Agent: Mozilla/5.0 (Windows NT 10.0; Win64; x64) AppleWebKit/537.36 (KHTML, like Gecko) Chrome/129.0.0.0 Safari/537.36
Accept: text/html,application/xhtml+xml,application/xml;q=0.9,image/avif,image/webp,image/apng,*/*;q=0.8,application/signed-exchange;v=b3;q=0.7
Sec-Fetch-Site: same-origin
Sec-Fetch-Mode: navigate
Sec-Fetch-User: ?1
Sec-Fetch-Dest: document
Referer: http://127.0.0.1:8087/home/
Accept-Encoding: gzip, deflate, br, zstd
Accept-Language: ru-RU,ru;q=0.9,en-US;q=0.8,en;q=0.7


[29-09-2024 15:36:14] (INFO) The demon is banished
[29-09-2024 15:36:14] (INFO) Client connect
[29-09-2024 15:36:14] (INFO) Connection interrupted
[29-09-2024 15:36:27] (INFO) Client connect
[29-09-2024 15:36:27] (INFO) Connection interrupted
[29-09-2024 15:36:27] (INFO) Client connect
[29-09-2024 15:36:27] (INFO) Client send: : HTTP/1.1 404 Not Found
Content-Type: text/html; charset=UTF-8
Content-Length: 253
Connection: keep-alive

<!DOCTYPE html>
<html lang="ru">
<head>
    <meta charset="UTF-8">
    <meta name="viewport" content="width=device-width, initial-scale=1.0">
    <title> Error 404 </title>
</head>
<body>
    <h3> Error 404 </h3>
    <p> Not Found
 </p>
</body>
</html>

[29-09-2024 15:36:27] (INFO) Client recv: : GET /home/ HTTP/1.1
Host: 127.0.0.1:8087
Connection: keep-alive
sec-ch-ua: "Google Chrome";v="129", "Not=A?Brand";v="8", "Chromium";v="129"
sec-ch-ua-mobile: ?0
sec-ch-ua-platform: "Windows"
Upgrade-Insecure-Requests: 1
User-Agent: Mozilla/5.0 (Windows NT 10.0; Win64; x64) AppleWebKit/537.36 (KHTML, like Gecko) Chrome/129.0.0.0 Safari/537.36
Accept: text/html,application/xhtml+xml,application/xml;q=0.9,image/avif,image/webp,image/apng,*/*;q=0.8,application/signed-exchange;v=b3;q=0.7
Sec-Fetch-Site: none
Sec-Fetch-Mode: navigate
Sec-Fetch-User: ?1
Sec-Fetch-Dest: document
Accept-Encoding: gzip, deflate, br, zstd
Accept-Language: ru-RU,ru;q=0.9,en-US;q=0.8,en;q=0.7


[29-09-2024 15:36:27] (INFO) The demon is banished
[29-09-2024 15:36:27] (INFO) Connection interrupted
[29-09-2024 15:37:04] (INFO) Client connect
[29-09-2024 15:37:04] (INFO) Connection interrupted
[29-09-2024 15:37:04] (INFO) Client connect
[29-09-2024 15:37:04] (INFO) Client send: : HTTP/1.1 404 Not Found
Content-Type: text/html; charset=UTF-8
Content-Length: 253
Connection: keep-alive

<!DOCTYPE html>
<html lang="ru">
<head>
    <meta charset="UTF-8">
    <meta name="viewport" content="width=device-width, initial-scale=1.0">
    <title> Error 404 </title>
</head>
<body>
    <h3> Error 404 </h3>
    <p> Not Found
 </p>
</body>
</html>

[29-09-2024 15:37:04] (INFO) Client recv: : GET //etc/passwd HTTP/1.1
Host: 127.0.0.1:8087
Connection: keep-alive
sec-ch-ua: "Google Chrome";v="129", "Not=A?Brand";v="8", "Chromium";v="129"
sec-ch-ua-mobile: ?0
sec-ch-ua-platform: "Windows"
Upgrade-Insecure-Requests: 1
User-Agent: Mozilla/5.0 (Windows NT 10.0; Win64; x64) AppleWebKit/537.36 (KHTML, like Gecko) Chrome/129.0.0.0 Safari/537.36
Accept: text/html,application/xhtml+xml,application/xml;q=0.9,image/avif,image/webp,image/apng,*/*;q=0.8,application/signed-exchange;v=b3;q=0.7
Sec-Fetch-Site: none
Sec-Fetch-Mode: navigate
Sec-Fetch-User: ?1
Sec-Fetch-Dest: document
Accept-Encoding: gzip, deflate, br, zstd
Accept-Language: ru-RU,ru;q=0.9,en-US;q=0.8,en;q=0.7


[29-09-2024 15:37:04] (INFO) The demon is banished
[29-09-2024 15:37:04] (INFO) Connection interrupted
[29-09-2024 15:38:03] (INFO) Client connect
[29-09-2024 15:38:03] (INFO) Connection interrupted
[29-09-2024 15:38:03] (INFO) Client send: : HTTP/1.1 200 OK
Content-Type: text/html; charset=UTF-8
Content-Length: 1114
Connection: keep-alive

<!DOCTYPE html>
<html lang="ru">
<head>
    <meta charset="UTF-8">
    <meta name="viewport" content="width=device-width, initial-scale=1.0">
    <title>Авторизация</title>
    <style>
        body {
            font-family: Arial, sans-serif;
            background-color: #f4f4f4;
            color: #333;
            text-align: center;
            padding: 100px;
        }
        input[type="text"], input[type="password"] {
            padding: 10px;
            margin: 10px;
            width: 200px;
        }
        button {
            padding: 10px 20px;
            margin: 10px;
            cursor: pointer;
        }
    </style>
</head>
<body>
    <h1>Вход в систему</h1>
    <form action="/home/" method="POST">
        <input name="login" type="text" placeholder="Логин" required><br>
        <input name="password" type="password" placeholder="Пароль" required><br>
        <button type="submit">Войти</button>
    </form>
    <button type="button" onclick="window.location.href='register/'">Зарегистрироваться</button>

</body>
</html>
[29-09-2024 15:38:03] (INFO) Client recv: : GET / HTTP/1.1
Host: 127.0.0.1:8087
Connection: keep-alive
sec-ch-ua: "Google Chrome";v="129", "Not=A?Brand";v="8", "Chromium";v="129"
sec-ch-ua-mobile: ?0
sec-ch-ua-platform: "Windows"
Upgrade-Insecure-Requests: 1
User-Agent: Mozilla/5.0 (Windows NT 10.0; Win64; x64) AppleWebKit/537.36 (KHTML, like Gecko) Chrome/129.0.0.0 Safari/537.36
Sec-Purpose: prefetch;prerender
Purpose: prefetch
Accept: text/html,application/xhtml+xml,application/xml;q=0.9,image/avif,image/webp,image/apng,*/*;q=0.8,application/signed-exchange;v=b3;q=0.7
Sec-Fetch-Site: none
Sec-Fetch-Mode: navigate
Sec-Fetch-User: ?1
Sec-Fetch-Dest: document
Accept-Encoding: gzip, deflate, br, zstd
Accept-Language: ru-RU,ru;q=0.9,en-US;q=0.8,en;q=0.7


[29-09-2024 15:38:03] (INFO) The demon is banished
[29-09-2024 15:38:12] (INFO) Client connect
[29-09-2024 15:38:12] (INFO) Connection interrupted
[29-09-2024 15:38:12] (INFO) Client connect
[29-09-2024 15:38:12] (INFO) Connection interrupted
[29-09-2024 15:38:12] (INFO) Client send: : HTTP/1.1 401 Unauthorized
Content-Type: text/html; charset=UTF-8
Content-Length: 695
Connection: keep-alive

<!DOCTYPE html>
<html lang="ru">
<head>
    <meta charset="UTF-8">
    <meta name="viewport" content="width=device-width, initial-scale=1.0">
    <title>401 Не авторизован</title>
    <style>
        body {
            font-family: Arial, sans-serif;
            background-color: #f4f4f4;
            color: #333;
            text-align: center;
            padding: 100px;
        }
        h1 {
            font-size: 50px;
            margin: 0;
        }
        p {
            font-size: 20px;
            margin: 20px 0;
        }
    </style>
</head>
<body>
    <h1>401</h1>
    <p>Не авторизован</p>
    <p><a href="/">Вернутся</a></p>
</body>
</html>
[29-09-2024 15:38:12] (INFO) Client recv: : POST /home/ HTTP/1.1
Host: 127.0.0.1:8087
Connection: keep-alive
Content-Length: 24
Cache-Control: max-age=0
sec-ch-ua: "Google Chrome";v="129", "Not=A?Brand";v="8", "Chromium";v="129"
sec-ch-ua-mobile: ?0
sec-ch-ua-platform: "Windows"
Origin: http://127.0.0.1:8087
Content-Type: application/x-www-form-urlencoded
Upgrade-Insecure-Requests: 1
User-Agent: Mozilla/5.0 (Windows NT 10.0; Win64; x64) AppleWebKit/537.36 (KHTML, like Gecko) Chrome/129.0.0.0 Safari/537.36
Accept: text/html,application/xhtml+xml,application/xml;q=0.9,image/avif,image/webp,image/apng,*/*;q=0.8,application/signed-exchange;v=b3;q=0.7
Sec-Fetch-Site: same-origin
Sec-Fetch-Mode: navigate
Sec-Fetch-User: ?1
Sec-Fetch-Dest: document
Referer: http://127.0.0.1:8087/
Accept-Encoding: gzip, deflate, br, zstd
Accept-Language: ru-RU,ru;q=0.9,en-US;q=0.8,en;q=0.7

login=hello&password=321
[29-09-2024 15:38:12] (INFO) The demon is banished
[29-09-2024 15:41:56] (INFO) Client connect
[29-09-2024 15:41:56] (INFO) Connection interrupted
[29-09-2024 15:41:56] (INFO) Client connect
[29-09-2024 15:41:56] (INFO) Client send: : HTTP/1.1 404 Not Found
Content-Type: text/html; charset=UTF-8
Content-Length: 253
Connection: keep-alive

<!DOCTYPE html>
<html lang="ru">
<head>
    <meta charset="UTF-8">
    <meta name="viewport" content="width=device-width, initial-scale=1.0">
    <title> Error 404 </title>
</head>
<body>
    <h3> Error 404 </h3>
    <p> Not Found
 </p>
</body>
</html>

[29-09-2024 15:41:56] (INFO) Client recv: : GET /home/ HTTP/1.1
Host: 127.0.0.1:8087
Connection: keep-alive
sec-ch-ua: "Google Chrome";v="129", "Not=A?Brand";v="8", "Chromium";v="129"
sec-ch-ua-mobile: ?0
sec-ch-ua-platform: "Windows"
Upgrade-Insecure-Requests: 1
User-Agent: Mozilla/5.0 (Windows NT 10.0; Win64; x64) AppleWebKit/537.36 (KHTML, like Gecko) Chrome/129.0.0.0 Safari/537.36
Accept: text/html,application/xhtml+xml,application/xml;q=0.9,image/avif,image/webp,image/apng,*/*;q=0.8,application/signed-exchange;v=b3;q=0.7
Sec-Fetch-Site: none
Sec-Fetch-Mode: navigate
Sec-Fetch-User: ?1
Sec-Fetch-Dest: document
Accept-Encoding: gzip, deflate, br, zstd
Accept-Language: ru-RU,ru;q=0.9,en-US;q=0.8,en;q=0.7


[29-09-2024 15:41:56] (INFO) The demon is banished
[29-09-2024 15:41:56] (INFO) Connection interrupted
[29-09-2024 15:42:18] (INFO) Client send: : HTTP/1.1 404 Not Found
Content-Type: text/html; charset=UTF-8
Content-Length: 253
Connection: keep-alive

<!DOCTYPE html>
<html lang="ru">
<head>
    <meta charset="UTF-8">
    <meta name="viewport" content="width=device-width, initial-scale=1.0">
    <title> Error 404 </title>
</head>
<body>
    <h3> Error 404 </h3>
    <p> Not Found
 </p>
</body>
</html>

[29-09-2024 15:42:18] (INFO) Client recv: : GET /homeaaaaaaaaaaaaaaaaaaaaaaaaaaaaaaaaaaaaaaaaaaaaaaaaaaaaaaaaaaaaaaaaaaaaaaaaaaaaaaaaaaaaaaaaaaaaaaaaaaaaaaaaaaaaaaaaaaaaaaaaaaaaaaaaaaaaaaaaaaaaaaaaaaaaaaaaaaaaaaaaaaaaaaaaaaaaaaaaaaaaaaaaaaaaaaaaaaaaaaaaaaaaaaaaaaaaaaaaaaaaaaaaaaaaaaaaaaaaaaaaaaaaaaaaaaaaaaaaaaaaaaaaaaaaaaaaaaaaaaaaaaaaaaaaaaaaaaaaaaaaaaaaaaaaaaaaaaaaaaaaaaaaaaaaaaaaaa HTTP/1.1
Host: 127.0.0.1:8087
Connection: keep-alive
sec-ch-ua: "Google Chrome";v="129", "Not=A?Brand";v="8", "Chromium";v="129"
sec-ch-ua-mobile: ?0
sec-ch-ua-platform: "Windows"
Upgrade-Insecure-Requests: 1
User-Agent: Mozilla/5.0 (Windows NT 10.0; Win64; x64) AppleWebKit/537.36 (KHTML, like Gecko) Chrome/129.0.0.0 Safari/537.36
Accept: text/html,application/xhtml+xml,application/xml;q=0.9,image/avif,image/webp,image/apng,*/*;q=0.8,application/signed-exchange;v=b3;q=0.7
Sec-Fetch-Site: none
Sec-Fetch-Mode: navigate
Sec-Fetch-User: ?1
Sec-Fetch-Dest: document
Accept-Encoding: gzip, deflate, br, zstd
Accept-Language: ru-RU,ru;q=0.9,en-US;q=0.8,en;q=0.7


[29-09-2024 15:42:18] (INFO) The demon is banished
[29-09-2024 15:42:18] (INFO) Client connect
[29-09-2024 15:42:18] (INFO) Connection interrupted
[29-09-2024 15:42:28] (INFO) Client send: : HTTP/1.1 200 OK
Content-Type: text/html; charset=UTF-8
Content-Length: 1114
Connection: keep-alive

<!DOCTYPE html>
<html lang="ru">
<head>
    <meta charset="UTF-8">
    <meta name="viewport" content="width=device-width, initial-scale=1.0">
    <title>Авторизация</title>
    <style>
        body {
            font-family: Arial, sans-serif;
            background-color: #f4f4f4;
            color: #333;
            text-align: center;
            padding: 100px;
        }
        input[type="text"], input[type="password"] {
            padding: 10px;
            margin: 10px;
            width: 200px;
        }
        button {
            padding: 10px 20px;
            margin: 10px;
            cursor: pointer;
        }
    </style>
</head>
<body>
    <h1>Вход в систему</h1>
    <form action="/home/" method="POST">
        <input name="login" type="text" placeholder="Логин" required><br>
        <input name="password" type="password" placeholder="Пароль" required><br>
        <button type="submit">Войти</button>
    </form>
    <button type="button" onclick="window.location.href='register/'">Зарегистрироваться</button>

</body>
</html>
[29-09-2024 15:42:28] (INFO) Client recv: : GET / HTTP/1.1
Host: 127.0.0.1:8087
Connection: keep-alive
sec-ch-ua: "Google Chrome";v="129", "Not=A?Brand";v="8", "Chromium";v="129"
sec-ch-ua-mobile: ?0
sec-ch-ua-platform: "Windows"
Upgrade-Insecure-Requests: 1
User-Agent: Mozilla/5.0 (Windows NT 10.0; Win64; x64) AppleWebKit/537.36 (KHTML, like Gecko) Chrome/129.0.0.0 Safari/537.36
Sec-Purpose: prefetch;prerender
Purpose: prefetch
Accept: text/html,application/xhtml+xml,application/xml;q=0.9,image/avif,image/webp,image/apng,*/*;q=0.8,application/signed-exchange;v=b3;q=0.7
Sec-Fetch-Site: none
Sec-Fetch-Mode: navigate
Sec-Fetch-User: ?1
Sec-Fetch-Dest: document
Accept-Encoding: gzip, deflate, br, zstd
Accept-Language: ru-RU,ru;q=0.9,en-US;q=0.8,en;q=0.7


[29-09-2024 15:42:28] (INFO) The demon is banished
[29-09-2024 15:42:51] (INFO) Client connect
[29-09-2024 15:42:51] (INFO) Connection interrupted
[29-09-2024 15:42:51] (INFO) Client connect
[29-09-2024 15:42:51] (INFO) Connection interrupted
[29-09-2024 15:42:51] (INFO) Client send: : HTTP/1.1 404 Not Found
Content-Type: text/html; charset=UTF-8
Content-Length: 253
Connection: keep-alive

<!DOCTYPE html>
<html lang="ru">
<head>
    <meta charset="UTF-8">
    <meta name="viewport" content="width=device-width, initial-scale=1.0">
    <title> Error 404 </title>
</head>
<body>
    <h3> Error 404 </h3>
    <p> Not Found
 </p>
</body>
</html>

[29-09-2024 15:42:51] (INFO) Client recv: : GET /aaaaaaaaaaaaaaaaaaaaaaaaaaaaaaaaaaaaaaaaaaaaaaaaaaaaaaaaaaaaaaaaaaaaaaaaaaaaaaaaaaaaaaaaaaaaaaaaaaaaaaaaaaaaaaaaaaaaaaaaaaaaaaaaaaaaaaaaaaaaaaaaaaaaaaaaaaaaaaaaaaaaaaaaaaaaaaaaaaaaaaaaaaaaaaaaaaaaaaaaaaaaaaaaaaaaaaaaaaaaaaaaaaaaaaaaaaaaaaaaaaaaaaaaaaaaaaaaaaaaaaaaaaaaaaaaaaaaaaaaaaaaaaaaaaaaaaaaaaaaaaaaaaaaaaaaaaaaaaaaaaaaaaaaaaaaaaaaaaaaaaaaaaaaaaaaaaa HTTP/1.1
Host: 127.0.0.1:8087
Connection: keep-alive
sec-ch-ua: "Google Chrome";v="129", "Not=A?Brand";v="8", "Chromium";v="129"
sec-ch-ua-mobile: ?0
sec-ch-ua-platform: "Windows"
Upgrade-Insecure-Requests: 1
User-Agent: Mozilla/5.0 (Windows NT 10.0; Win64; x64) AppleWebKit/537.36 (KHTML, like Gecko) Chrome/129.0.0.0 Safari/537.36
Accept: text/html,application/xhtml+xml,application/xml;q=0.9,image/avif,image/webp,image/apng,*/*;q=0.8,application/signed-exchange;v=b3;q=0.7
Sec-Fetch-Site: none
Sec-Fetch-Mode: navigate
Sec-Fetch-User: ?1
Sec-Fetch-Dest: document
Accept-Encoding: gzip, deflate, br, zstd
Accept-Language: ru-RU,ru;q=0.9,en-US;q=0HTTP/1.1 404 Not Found
Content-Type: text/html; charset=UTF-8
Content-Length: 253
Connection: keep-alive

<!DOCTYPE html>
<html lang="ru">
<head>
    <meta charset="UTF-8">
    <meta name="viewport" content="width=device-width, initial-scale=1.0">
    <title> Error 404 </title>
</head>
<body>
    <h3> Error 404 </h3>
    <p> Not Found
 </p>
</body>
</html>

[29-09-2024 15:42:51] (INFO) The demon is banished
[29-09-2024 15:44:17] (INFO) Client connect
[29-09-2024 15:44:17] (INFO) Connection interrupted
[29-09-2024 15:44:17] (INFO) Client connect
[29-09-2024 15:44:17] (INFO) Connection interrupted
[29-09-2024 15:44:17] (INFO) Client connect
[29-09-2024 15:44:17] (INFO) Connection interrupted
[29-09-2024 15:44:18] (INFO) Client connect
[29-09-2024 15:44:18] (INFO) Connection interrupted
[29-09-2024 15:44:18] (INFO) Client connect
[29-09-2024 15:44:18] (INFO) Connection interrupted
[29-09-2024 15:44:18] (INFO) Client connect
[29-09-2024 15:44:18] (INFO) Connection interrupted
[29-09-2024 15:44:24] (INFO) Client connect
[29-09-2024 15:44:24] (INFO) Connection interrupted
[29-09-2024 15:44:24] (INFO) Client connect
[29-09-2024 15:44:24] (INFO) Connection interrupted
